<?xml version="1.0" encoding="UTF-8"?>
<testng-results ignored="0" total="1" passed="1" failed="0" skipped="0">
  <reporter-output>
  </reporter-output>
  <suite started-at="2024-09-17T15:31:45 IST" name="Default suite" finished-at="2024-09-17T15:31:53 IST" duration-ms="7257">
    <groups>
    </groups>
    <test started-at="2024-09-17T15:31:45 IST" name="Default test" finished-at="2024-09-17T15:31:53 IST" duration-ms="7257">
      <class name="PopuUps.AlertPopUpsEx">
        <test-method signature="AlertPopUpsEx()[pri:0, instance:PopuUps.AlertPopUpsEx@614ca7df]" started-at="2024-09-17T15:31:45 IST" name="AlertPopUpsEx" finished-at="2024-09-17T15:31:53 IST" duration-ms="7206" status="PASS">
          <reporter-output>
          </reporter-output>
        </test-method> <!-- AlertPopUpsEx -->
      </class> <!-- PopuUps.AlertPopUpsEx -->
    </test> <!-- Default test -->
  </suite> <!-- Default suite -->
</testng-results>
